生成启动时间为 2013/10/28 星期一 21:38:48。
     1>项目“c:\Users\maclaurin\documents\visual studio 2010\Projects\gradesmanage_oo\gradesmanage_oo\gradesmanage_oo.vcxproj”在节点 2 上(build 个目标)。
     1>InitializeBuildStatus:
         正在创建“Debug\gradesmanage_oo.unsuccessfulbuild”，因为已指定“AlwaysCreate”。
       ClCompile:
         e:\Soft\Visual Studio 2010\VC\bin\CL.exe /c /ZI /nologo /W3 /WX- /Od /Oy- /D _MBCS /Gm /EHsc /RTC1 /MDd /GS /fp:precise /Zc:wchar_t /Zc:forScope /Fo"Debug\\" /Fd"Debug\vc100.pdb" /Gd /TP /analyze- /errorReport:prompt Menu.cpp
         Menu.cpp
       Link:
         e:\Soft\Visual Studio 2010\VC\bin\link.exe /ERRORREPORT:PROMPT /OUT:"c:\users\maclaurin\documents\visual studio 2010\Projects\gradesmanage_oo\Debug\gradesmanage_oo.exe" /NOLOGO kernel32.lib user32.lib gdi32.lib winspool.lib comdlg32.lib advapi32.lib shell32.lib ole32.lib oleaut32.lib uuid.lib odbc32.lib odbccp32.lib /MANIFEST /ManifestFile:"Debug\gradesmanage_oo.exe.intermediate.manifest" /MANIFESTUAC:"level='asInvoker' uiAccess='false'" /DEBUG /PDB:"c:\users\maclaurin\documents\visual studio 2010\Projects\gradesmanage_oo\Debug\gradesmanage_oo.pdb" /TLBID:1 /DYNAMICBASE /NXCOMPAT /IMPLIB:"c:\users\maclaurin\documents\visual studio 2010\Projects\gradesmanage_oo\Debug\gradesmanage_oo.lib" /MACHINE:X86 Debug\Gradesmange.obj
         Debug\main.obj
         Debug\Menu.obj
         LINK : 没有找到 c:\users\maclaurin\documents\visual studio 2010\Projects\gradesmanage_oo\Debug\gradesmanage_oo.exe 或上一个增量链接没有生成它；正在执行完全链接
         gradesmanage_oo.vcxproj -> c:\users\maclaurin\documents\visual studio 2010\Projects\gradesmanage_oo\Debug\gradesmanage_oo.exe
       Manifest:
         C:\Program Files (x86)\Microsoft SDKs\Windows\v7.0A\bin\mt.exe /nologo /verbose /outputresource:"c:\users\maclaurin\documents\visual studio 2010\Projects\gradesmanage_oo\Debug\gradesmanage_oo.exe;#1" /manifest Debug\gradesmanage_oo.exe.intermediate.manifest
       FinalizeBuildStatus:
         正在删除文件“Debug\gradesmanage_oo.unsuccessfulbuild”。
         正在对“Debug\gradesmanage_oo.lastbuildstate”执行 Touch 任务。
     1>已完成生成项目“c:\Users\maclaurin\documents\visual studio 2010\Projects\gradesmanage_oo\gradesmanage_oo\gradesmanage_oo.vcxproj”(build 个目标)的操作。

生成成功。

已用时间 00:00:01.38
