生成启动时间为 2013/10/2 星期三 19:42:35。
     1>项目“C:\Users\Maclaurin\Documents\Visual Studio 2010\Projects\9-30-2\9-30-2\9-30-2.vcxproj”在节点 2 上(build 个目标)。
     1>PrepareForBuild:
         正在创建目录“C:\Users\Maclaurin\Documents\Visual Studio 2010\Projects\9-30-2\Debug\”。
       InitializeBuildStatus:
         正在创建“Debug\9-30-2.unsuccessfulbuild”，因为已指定“AlwaysCreate”。
       ClCompile:
         e:\Soft\Visual Studio 2010\VC\bin\CL.exe /c /ZI /nologo /W3 /WX- /Od /Oy- /D _MBCS /Gm /EHsc /RTC1 /MDd /GS /fp:precise /Zc:wchar_t /Zc:forScope /Fo"Debug\\" /Fd"Debug\vc100.pdb" /Gd /TP /analyze- /errorReport:prompt "9-30-2.cpp"
         9-30-2.cpp
     1>c:\users\maclaurin\documents\visual studio 2010\projects\9-30-2\9-30-2\9-30-2.cpp(14): warning C4018: “<”: 有符号/无符号不匹配
       Link:
         e:\Soft\Visual Studio 2010\VC\bin\link.exe /ERRORREPORT:PROMPT /OUT:"C:\Users\Maclaurin\Documents\Visual Studio 2010\Projects\9-30-2\Debug\9-30-2.exe" /NOLOGO kernel32.lib user32.lib gdi32.lib winspool.lib comdlg32.lib advapi32.lib shell32.lib ole32.lib oleaut32.lib uuid.lib odbc32.lib odbccp32.lib /MANIFEST /ManifestFile:"Debug\9-30-2.exe.intermediate.manifest" /MANIFESTUAC:"level='asInvoker' uiAccess='false'" /DEBUG /PDB:"C:\Users\Maclaurin\Documents\Visual Studio 2010\Projects\9-30-2\Debug\9-30-2.pdb" /TLBID:1 /DYNAMICBASE /NXCOMPAT /IMPLIB:"C:\Users\Maclaurin\Documents\Visual Studio 2010\Projects\9-30-2\Debug\9-30-2.lib" /MACHINE:X86 "Debug\9-30-2.obj"
         9-30-2.vcxproj -> C:\Users\Maclaurin\Documents\Visual Studio 2010\Projects\9-30-2\Debug\9-30-2.exe
       Manifest:
         C:\Program Files (x86)\Microsoft SDKs\Windows\v7.0A\bin\mt.exe /nologo /verbose /outputresource:"C:\Users\Maclaurin\Documents\Visual Studio 2010\Projects\9-30-2\Debug\9-30-2.exe;#1" /manifest "Debug\9-30-2.exe.intermediate.manifest"
       FinalizeBuildStatus:
         正在删除文件“Debug\9-30-2.unsuccessfulbuild”。
         正在对“Debug\9-30-2.lastbuildstate”执行 Touch 任务。
     1>已完成生成项目“C:\Users\Maclaurin\Documents\Visual Studio 2010\Projects\9-30-2\9-30-2\9-30-2.vcxproj”(build 个目标)的操作。

生成成功。

已用时间 00:00:01.67
