生成启动时间为 2013/9/21 星期六 21:42:08。
     1>项目“c:\Users\maclaurin\documents\visual studio 2010\Projects\5-7\5-7\5-7.vcxproj”在节点 2 上(build 个目标)。
     1>PrepareForBuild:
         正在创建目录“c:\users\maclaurin\documents\visual studio 2010\Projects\5-7\Debug\”。
       InitializeBuildStatus:
         正在创建“Debug\5-7.unsuccessfulbuild”，因为已指定“AlwaysCreate”。
       ClCompile:
         e:\Soft\Visual Studio 2010\VC\bin\CL.exe /c /ZI /nologo /W3 /WX- /Od /Oy- /D _MBCS /Gm /EHsc /RTC1 /MDd /GS /fp:precise /Zc:wchar_t /Zc:forScope /Fo"Debug\\" /Fd"Debug\vc100.pdb" /Gd /TP /analyze- /errorReport:prompt "5-7.cpp"
         5-7.cpp
       Link:
         e:\Soft\Visual Studio 2010\VC\bin\link.exe /ERRORREPORT:PROMPT /OUT:"c:\users\maclaurin\documents\visual studio 2010\Projects\5-7\Debug\5-7.exe" /NOLOGO kernel32.lib user32.lib gdi32.lib winspool.lib comdlg32.lib advapi32.lib shell32.lib ole32.lib oleaut32.lib uuid.lib odbc32.lib odbccp32.lib /MANIFEST /ManifestFile:"Debug\5-7.exe.intermediate.manifest" /MANIFESTUAC:"level='asInvoker' uiAccess='false'" /DEBUG /PDB:"c:\users\maclaurin\documents\visual studio 2010\Projects\5-7\Debug\5-7.pdb" /TLBID:1 /DYNAMICBASE /NXCOMPAT /IMPLIB:"c:\users\maclaurin\documents\visual studio 2010\Projects\5-7\Debug\5-7.lib" /MACHINE:X86 "Debug\5-7.obj"
         5-7.vcxproj -> c:\users\maclaurin\documents\visual studio 2010\Projects\5-7\Debug\5-7.exe
       Manifest:
         C:\Program Files (x86)\Microsoft SDKs\Windows\v7.0A\bin\mt.exe /nologo /verbose /outputresource:"c:\users\maclaurin\documents\visual studio 2010\Projects\5-7\Debug\5-7.exe;#1" /manifest "Debug\5-7.exe.intermediate.manifest"
       FinalizeBuildStatus:
         正在删除文件“Debug\5-7.unsuccessfulbuild”。
         正在对“Debug\5-7.lastbuildstate”执行 Touch 任务。
     1>已完成生成项目“c:\Users\maclaurin\documents\visual studio 2010\Projects\5-7\5-7\5-7.vcxproj”(build 个目标)的操作。

生成成功。

已用时间 00:00:01.04
