生成启动时间为 2013/9/23 星期一 22:39:20。
     1>项目“C:\Users\Maclaurin\Documents\Visual Studio 2010\Projects\9-23作业\9-23作业\9-23作业.vcxproj”在节点 2 上(build 个目标)。
     1>InitializeBuildStatus:
         正在对“Debug\9-23作业.unsuccessfulbuild”执行 Touch 任务。
       ClCompile:
         e:\Soft\Visual Studio 2010\VC\bin\CL.exe /c /ZI /nologo /W3 /WX- /Od /Oy- /D _UNICODE /D UNICODE /Gm /EHsc /RTC1 /MDd /GS /fp:precise /Zc:wchar_t /Zc:forScope /Fo"Debug\\" /Fd"Debug\vc100.pdb" /Gd /TP /analyze- /errorReport:prompt "9-23.cpp"
         9-23.cpp
     1>c:\users\maclaurin\documents\visual studio 2010\projects\9-23作业\9-23作业\9-23.cpp(26): warning C4996: 'strcpy': This function or variable may be unsafe. Consider using strcpy_s instead. To disable deprecation, use _CRT_SECURE_NO_WARNINGS. See online help for details.
                 e:\soft\visual studio 2010\vc\include\string.h(105) : 参见“strcpy”的声明
     1>c:\users\maclaurin\documents\visual studio 2010\projects\9-23作业\9-23作业\9-23.cpp(45): warning C4996: 'strcpy': This function or variable may be unsafe. Consider using strcpy_s instead. To disable deprecation, use _CRT_SECURE_NO_WARNINGS. See online help for details.
                 e:\soft\visual studio 2010\vc\include\string.h(105) : 参见“strcpy”的声明
     1>c:\users\maclaurin\documents\visual studio 2010\projects\9-23作业\9-23作业\9-23.cpp(73): warning C4101: “i”: 未引用的局部变量
     1>c:\users\maclaurin\documents\visual studio 2010\projects\9-23作业\9-23作业\9-23.cpp(73): warning C4101: “j”: 未引用的局部变量
       Link:
         e:\Soft\Visual Studio 2010\VC\bin\link.exe /ERRORREPORT:PROMPT /OUT:"C:\Users\Maclaurin\Documents\Visual Studio 2010\Projects\9-23作业\Debug\9-23作业.exe" /NOLOGO kernel32.lib user32.lib gdi32.lib winspool.lib comdlg32.lib advapi32.lib shell32.lib ole32.lib oleaut32.lib uuid.lib odbc32.lib odbccp32.lib /MANIFEST /ManifestFile:"Debug\9-23作业.exe.intermediate.manifest" /MANIFESTUAC:"level='asInvoker' uiAccess='false'" /DEBUG /PDB:"C:\Users\Maclaurin\Documents\Visual Studio 2010\Projects\9-23作业\Debug\9-23作业.pdb" /TLBID:1 /DYNAMICBASE /NXCOMPAT /IMPLIB:"C:\Users\Maclaurin\Documents\Visual Studio 2010\Projects\9-23作业\Debug\9-23作业.lib" /MACHINE:X86 "Debug\9-23.obj"
         9-23作业.vcxproj -> C:\Users\Maclaurin\Documents\Visual Studio 2010\Projects\9-23作业\Debug\9-23作业.exe
       Manifest:
         C:\Program Files (x86)\Microsoft SDKs\Windows\v7.0A\bin\mt.exe /nologo /verbose /outputresource:"C:\Users\Maclaurin\Documents\Visual Studio 2010\Projects\9-23作业\Debug\9-23作业.exe;#1" /manifest "Debug\9-23作业.exe.intermediate.manifest"
       FinalizeBuildStatus:
         正在删除文件“Debug\9-23作业.unsuccessfulbuild”。
         正在对“Debug\9-23作业.lastbuildstate”执行 Touch 任务。
     1>已完成生成项目“C:\Users\Maclaurin\Documents\Visual Studio 2010\Projects\9-23作业\9-23作业\9-23作业.vcxproj”(build 个目标)的操作。

生成成功。

已用时间 00:00:02.23
