Build started 2013/11/26 星期二 23:49:43.
     1>Project "e:\documents\visual studio 2013\Projects\Fighter\Fighter\Fighter.vcxproj" on node 2 (Build target(s)).
     1>ClCompile:
         E:\Soft\Microsoft Visual Studio 12.0\VC\bin\CL.exe /c /I"E:\Soft\SFML-2.1\include" /ZI /nologo /W3 /WX- /sdl /Od /Oy- /D _MBCS /Gm /EHsc /RTC1 /MDd /GS /fp:precise /Zc:wchar_t /Zc:forScope /Fo"Debug\\" /Fd"Debug\vc120.pdb" /Gd /TP /analyze- /errorReport:prompt Enemy.cpp
         Enemy.cpp
     1>e:\documents\visual studio 2013\projects\fighter\fighter\enemy.cpp(14): warning C4244: 'argument' : conversion from 'unsigned int' to 'float', possible loss of data
     1>e:\documents\visual studio 2013\projects\fighter\fighter\enemy.cpp(25): warning C4305: 'argument' : truncation from 'double' to 'float'
       Link:
         E:\Soft\Microsoft Visual Studio 12.0\VC\bin\link.exe /ERRORREPORT:PROMPT /OUT:"e:\documents\visual studio 2013\Projects\Fighter\Debug\Fighter.exe" /INCREMENTAL /NOLOGO /LIBPATH:"E:\Soft\SFML-2.1\lib" "sfml-audio-d.lib" "sfml-system-d.lib" "sfml-graphics-d.lib" "sfml-window-d.lib" kernel32.lib user32.lib gdi32.lib winspool.lib comdlg32.lib advapi32.lib shell32.lib ole32.lib oleaut32.lib uuid.lib odbc32.lib odbccp32.lib kernel32.lib user32.lib gdi32.lib winspool.lib comdlg32.lib advapi32.lib shell32.lib ole32.lib oleaut32.lib uuid.lib odbc32.lib odbccp32.lib /MANIFEST /MANIFESTUAC:"level='asInvoker' uiAccess='false'" /manifest:embed /DEBUG /PDB:"e:\documents\visual studio 2013\Projects\Fighter\Debug\Fighter.pdb" /TLBID:1 /DYNAMICBASE /NXCOMPAT /IMPLIB:"e:\documents\visual studio 2013\Projects\Fighter\Debug\Fighter.lib" /MACHINE:X86 Debug\Bullet.obj
         Debug\Enemy.obj
         Debug\Game.obj
         Debug\Gun.obj
         Debug\Hero.obj
         Debug\main.obj
         Debug\Plane.obj
         Debug\Rect.obj
         Debug\ResourcePath.obj
         Debug\Sky.obj
         Debug\Sound.obj
         Debug\Sprite.obj
         Debug\Texture.obj
         Fighter.vcxproj -> e:\documents\visual studio 2013\Projects\Fighter\Debug\Fighter.exe
     1>Done Building Project "e:\documents\visual studio 2013\Projects\Fighter\Fighter\Fighter.vcxproj" (Build target(s)).

Build succeeded.

Time Elapsed 00:00:01.10
