e:\documents\visual studio 2013\projects\fighter\fighter\debug\vc120.pdb
e:\documents\visual studio 2013\projects\fighter\fighter\debug\vc120.idb
e:\documents\visual studio 2013\projects\fighter\fighter\debug\bullet.obj
e:\documents\visual studio 2013\projects\fighter\fighter\debug\enemy.obj
e:\documents\visual studio 2013\projects\fighter\fighter\debug\game.obj
e:\documents\visual studio 2013\projects\fighter\fighter\debug\gun.obj
e:\documents\visual studio 2013\projects\fighter\fighter\debug\hero.obj
e:\documents\visual studio 2013\projects\fighter\fighter\debug\main.obj
e:\documents\visual studio 2013\projects\fighter\fighter\debug\plane.obj
e:\documents\visual studio 2013\projects\fighter\fighter\debug\rect.obj
e:\documents\visual studio 2013\projects\fighter\fighter\debug\sky.obj
e:\documents\visual studio 2013\projects\fighter\fighter\debug\sound.obj
e:\documents\visual studio 2013\projects\fighter\fighter\debug\sprite.obj
e:\documents\visual studio 2013\projects\fighter\fighter\debug\texture.obj
e:\documents\visual studio 2013\projects\fighter\debug\fighter.pdb
e:\documents\visual studio 2013\projects\fighter\fighter\debug\fighter.tlog\cl.command.1.tlog
e:\documents\visual studio 2013\projects\fighter\fighter\debug\fighter.tlog\cl.read.1.tlog
e:\documents\visual studio 2013\projects\fighter\fighter\debug\fighter.tlog\cl.write.1.tlog
e:\documents\visual studio 2013\projects\fighter\fighter\debug\fighter.tlog\link-cvtres.read.1.tlog
e:\documents\visual studio 2013\projects\fighter\fighter\debug\fighter.tlog\link-cvtres.write.1.tlog
e:\documents\visual studio 2013\projects\fighter\fighter\debug\fighter.tlog\link-rc.read.1.tlog
e:\documents\visual studio 2013\projects\fighter\fighter\debug\fighter.tlog\link-rc.write.1.tlog
e:\documents\visual studio 2013\projects\fighter\fighter\debug\fighter.tlog\link.command.1.tlog
e:\documents\visual studio 2013\projects\fighter\fighter\debug\fighter.tlog\link.read.1.tlog
e:\documents\visual studio 2013\projects\fighter\fighter\debug\fighter.tlog\link.write.1.tlog
