生成启动时间为 2013/10/14 星期一 22:01:20。
     1>项目“C:\Users\Maclaurin\Documents\Visual Studio 2010\Projects\auto-dilatation\auto-dilatation\auto-dilatation.vcxproj”在节点 2 上(build 个目标)。
     1>InitializeBuildStatus:
         正在创建“Debug\auto-dilatation.unsuccessfulbuild”，因为已指定“AlwaysCreate”。
       ClCompile:
         e:\Soft\Visual Studio 2010\VC\bin\CL.exe /c /ZI /nologo /W3 /WX- /Od /Oy- /D _MBCS /Gm /EHsc /RTC1 /MDd /GS /fp:precise /Zc:wchar_t /Zc:forScope /Fo"Debug\\" /Fd"Debug\vc100.pdb" /Gd /TP /analyze- /errorReport:prompt "auto-dilataton.cpp" stack.cpp
         auto-dilataton.cpp
     1>c:\users\maclaurin\documents\visual studio 2010\projects\auto-dilatation\auto-dilatation\auto-dilataton.cpp(8): warning C4101: “j”: 未引用的局部变量
         正在生成代码...
         正在跳过...(未检测到相关更改)
         stack.cpp
       Link:
         e:\Soft\Visual Studio 2010\VC\bin\link.exe /ERRORREPORT:PROMPT /OUT:"C:\Users\Maclaurin\Documents\Visual Studio 2010\Projects\auto-dilatation\Debug\auto-dilatation.exe" /NOLOGO kernel32.lib user32.lib gdi32.lib winspool.lib comdlg32.lib advapi32.lib shell32.lib ole32.lib oleaut32.lib uuid.lib odbc32.lib odbccp32.lib /MANIFEST /ManifestFile:"Debug\auto-dilatation.exe.intermediate.manifest" /MANIFESTUAC:"level='asInvoker' uiAccess='false'" /DEBUG /PDB:"C:\Users\Maclaurin\Documents\Visual Studio 2010\Projects\auto-dilatation\Debug\auto-dilatation.pdb" /TLBID:1 /DYNAMICBASE /NXCOMPAT /IMPLIB:"C:\Users\Maclaurin\Documents\Visual Studio 2010\Projects\auto-dilatation\Debug\auto-dilatation.lib" /MACHINE:X86 "Debug\auto-dilataton.obj"
         Debug\stack.obj
         LINK : 没有找到 C:\Users\Maclaurin\Documents\Visual Studio 2010\Projects\auto-dilatation\Debug\auto-dilatation.exe 或上一个增量链接没有生成它；正在执行完全链接
         auto-dilatation.vcxproj -> C:\Users\Maclaurin\Documents\Visual Studio 2010\Projects\auto-dilatation\Debug\auto-dilatation.exe
       Manifest:
         C:\Program Files (x86)\Microsoft SDKs\Windows\v7.0A\bin\mt.exe /nologo /verbose /outputresource:"C:\Users\Maclaurin\Documents\Visual Studio 2010\Projects\auto-dilatation\Debug\auto-dilatation.exe;#1" /manifest "Debug\auto-dilatation.exe.intermediate.manifest"
       FinalizeBuildStatus:
         正在删除文件“Debug\auto-dilatation.unsuccessfulbuild”。
         正在对“Debug\auto-dilatation.lastbuildstate”执行 Touch 任务。
     1>已完成生成项目“C:\Users\Maclaurin\Documents\Visual Studio 2010\Projects\auto-dilatation\auto-dilatation\auto-dilatation.vcxproj”(build 个目标)的操作。

生成成功。

已用时间 00:00:01.55
